<?xml version="1.0" encoding="UTF-8"?>
<!-- Generated by org.testng.reporters.JUnitReportReporter -->
<testsuite skipped="0" hostname="Taslim" name="home.WalgreensSearch" tests="1" failures="0" timestamp="2021-04-15T14:36:02 EDT" time="19.299" errors="0">
  <testcase name="search" time="19.299" classname="home.WalgreensSearch"/>
  <system-out/>
</testsuite> <!-- home.WalgreensSearch -->
