<?xml version="1.0" encoding="UTF-8"?>
<!-- Generated by org.testng.reporters.JUnitReportReporter -->
<testsuite skipped="0" hostname="Taslim" name="home.WalgreensPageTitle" tests="1" failures="0" timestamp="2021-04-15T14:36:02 EDT" time="9.255" errors="0">
  <testcase name="checkTitle" time="9.255" classname="home.WalgreensPageTitle"/>
  <system-out/>
</testsuite> <!-- home.WalgreensPageTitle -->
