<?xml version="1.0" encoding="UTF-8"?>
<!-- Generated by org.testng.reporters.JUnitReportReporter -->
<testsuite skipped="0" hostname="Taslim" name="landingpage.Search" tests="1" failures="0" timestamp="2021-04-12T16:40:17 EDT" time="12.789" errors="0">
  <testcase name="search" time="12.789" classname="landingpage.Search"/>
  <system-out/>
</testsuite> <!-- landingpage.Search -->
