<?xml version="1.0" encoding="UTF-8"?>
<!-- Generated by org.testng.reporters.JUnitReportReporter -->
<testsuite skipped="0" hostname="Taslim" name="home.AmazonPageTitle" tests="1" failures="0" timestamp="2021-04-15T14:30:58 EDT" time="9.720" errors="0">
  <testcase name="checkTitle" time="9.720" classname="home.AmazonPageTitle"/>
  <system-out/>
</testsuite> <!-- home.AmazonPageTitle -->
