<?xml version="1.0" encoding="UTF-8"?>
<!-- Generated by org.testng.reporters.JUnitReportReporter -->
<testsuite skipped="0" hostname="Taslim" name="home.AmazonSearch" tests="1" failures="0" timestamp="2021-04-15T14:30:58 EDT" time="15.600" errors="0">
  <testcase name="search" time="15.600" classname="home.AmazonSearch"/>
  <system-out/>
</testsuite> <!-- home.AmazonSearch -->
