<?xml version="1.0" encoding="UTF-8"?>
<!-- Generated by org.testng.reporters.JUnitReportReporter -->
<testsuite skipped="0" hostname="Taslim" name="home.AmazonHomePage" tests="1" failures="0" timestamp="2021-04-15T14:30:58 EDT" time="11.567" errors="0">
  <testcase name="homePage" time="11.567" classname="home.AmazonHomePage"/>
  <system-out/>
</testsuite> <!-- home.AmazonHomePage -->
