<?xml version="1.0" encoding="UTF-8"?>
<!-- Generated by org.testng.reporters.JUnitReportReporter -->
<testsuite skipped="0" hostname="Taslim" name="home.EbayHomePage" tests="1" failures="0" timestamp="2021-04-15T14:33:11 EDT" time="5.346" errors="0">
  <testcase name="homePage" time="5.346" classname="home.EbayHomePage"/>
  <system-out/>
</testsuite> <!-- home.EbayHomePage -->
