<?xml version="1.0" encoding="UTF-8"?>
<!-- Generated by org.testng.reporters.JUnitReportReporter -->
<testsuite skipped="0" hostname="Taslim" name="home.EbayPageTitle" tests="1" failures="0" timestamp="2021-04-15T14:33:11 EDT" time="3.571" errors="0">
  <testcase name="checkTitle" time="3.571" classname="home.EbayPageTitle"/>
  <system-out/>
</testsuite> <!-- home.EbayPageTitle -->
