<?xml version="1.0" encoding="UTF-8"?>
<!-- Generated by org.testng.reporters.JUnitReportReporter -->
<testsuite skipped="0" hostname="Taslim" name="home.EbaySearch" tests="1" failures="0" timestamp="2021-04-15T14:33:11 EDT" time="14.868" errors="0">
  <testcase name="search" time="14.868" classname="home.EbaySearch"/>
  <system-out/>
</testsuite> <!-- home.EbaySearch -->
