<?xml version="1.0" encoding="UTF-8"?>
<!-- Generated by org.testng.reporters.JUnitReportReporter -->
<testsuite skipped="0" hostname="Taslim" name="home.AlibabaHomePage" tests="1" failures="0" timestamp="2021-04-15T14:33:33 EDT" time="12.505" errors="0">
  <testcase name="homePage" time="12.505" classname="home.AlibabaHomePage"/>
  <system-out/>
</testsuite> <!-- home.AlibabaHomePage -->
