<?xml version="1.0" encoding="UTF-8"?>
<!-- Generated by org.testng.reporters.JUnitReportReporter -->
<testsuite skipped="0" hostname="Taslim" name="home.AlibabaPageTitle" tests="1" failures="0" timestamp="2021-04-15T14:33:33 EDT" time="7.315" errors="0">
  <testcase name="checkTitle" time="7.315" classname="home.AlibabaPageTitle"/>
  <system-out/>
</testsuite> <!-- home.AlibabaPageTitle -->
