<?xml version="1.0" encoding="UTF-8"?>
<!-- Generated by org.testng.reporters.JUnitReportReporter -->
<testsuite skipped="0" hostname="Taslim" name="home.BestbuyHomePage" tests="1" failures="0" timestamp="2021-04-15T14:35:20 EDT" time="15.045" errors="0">
  <testcase name="homePage" time="15.045" classname="home.BestbuyHomePage"/>
  <system-out/>
</testsuite> <!-- home.BestbuyHomePage -->
