<?xml version="1.0" encoding="UTF-8"?>
<!-- Generated by org.testng.reporters.JUnitReportReporter -->
<testsuite skipped="0" hostname="Taslim" name="home.BestbuyPageTitle" tests="1" failures="0" timestamp="2021-04-15T14:35:20 EDT" time="13.275" errors="0">
  <testcase name="checkTitle" time="13.275" classname="home.BestbuyPageTitle"/>
  <system-out/>
</testsuite> <!-- home.BestbuyPageTitle -->
