<?xml version="1.0" encoding="UTF-8"?>
<!-- Generated by org.testng.reporters.JUnitReportReporter -->
<testsuite skipped="0" hostname="Taslim" name="home.WalmartPageTitle" tests="1" failures="0" timestamp="2021-04-15T14:34:03 EDT" time="5.672" errors="0">
  <testcase name="checkTitle" time="5.672" classname="home.WalmartPageTitle"/>
  <system-out/>
</testsuite> <!-- home.WalmartPageTitle -->
