<?xml version="1.0" encoding="UTF-8"?>
<!-- Generated by org.testng.reporters.JUnitReportReporter -->
<testsuite skipped="0" hostname="Taslim" name="home.WalmartHomePage" tests="1" failures="0" timestamp="2021-04-15T14:34:03 EDT" time="7.220" errors="0">
  <testcase name="homePage" time="7.220" classname="home.WalmartHomePage"/>
  <system-out/>
</testsuite> <!-- home.WalmartHomePage -->
