<?xml version="1.0" encoding="UTF-8"?>
<!-- Generated by org.testng.reporters.JUnitReportReporter -->
<testsuite skipped="0" hostname="Taslim" name="home.WalmartSearch" tests="1" failures="0" timestamp="2021-04-15T14:34:03 EDT" time="15.732" errors="0">
  <testcase name="search" time="15.732" classname="home.WalmartSearch"/>
  <system-out/>
</testsuite> <!-- home.WalmartSearch -->
