<?xml version="1.0" encoding="UTF-8"?>
<!-- Generated by org.testng.reporters.JUnitReportReporter -->
<testsuite skipped="0" hostname="Taslim" name="home.TargetPageTitle" tests="1" failures="0" timestamp="2021-04-15T14:34:49 EDT" time="11.087" errors="0">
  <testcase name="checkTitle" time="11.087" classname="home.TargetPageTitle"/>
  <system-out/>
</testsuite> <!-- home.TargetPageTitle -->
