<?xml version="1.0" encoding="UTF-8"?>
<!-- Generated by org.testng.reporters.JUnitReportReporter -->
<testsuite skipped="0" hostname="Taslim" name="home.TargetHomePage" tests="1" failures="0" timestamp="2021-04-15T14:34:49 EDT" time="18.472" errors="0">
  <testcase name="homePage" time="18.472" classname="home.TargetHomePage"/>
  <system-out/>
</testsuite> <!-- home.TargetHomePage -->
