<?xml version="1.0" encoding="UTF-8"?>
<!-- Generated by org.testng.reporters.JUnitReportReporter -->
<testsuite skipped="0" hostname="Taslim" name="home.TargetSearch" tests="1" failures="0" timestamp="2021-04-15T14:34:49 EDT" time="14.286" errors="0">
  <testcase name="search" time="14.286" classname="home.TargetSearch"/>
  <system-out/>
</testsuite> <!-- home.TargetSearch -->
