<?xml version="1.0" encoding="UTF-8"?>
<!-- Generated by org.testng.reporters.JUnitReportReporter -->
<testsuite skipped="0" hostname="Taslim" name="home.NYPostHomePage" tests="1" failures="0" timestamp="2021-04-15T14:32:46 EDT" time="32.041" errors="0">
  <testcase name="home" time="32.041" classname="home.NYPostHomePage"/>
  <system-out/>
</testsuite> <!-- home.NYPostHomePage -->
