<?xml version="1.0" encoding="UTF-8"?>
<!-- Generated by org.testng.reporters.JUnitReportReporter -->
<testsuite skipped="0" hostname="Taslim" name="homepage.NewsPage" tests="1" failures="0" timestamp="2021-04-12T16:41:02 EDT" time="40.132" errors="0">
  <testcase name="home" time="40.132" classname="homepage.NewsPage"/>
  <system-out/>
</testsuite> <!-- homepage.NewsPage -->
