<?xml version="1.0" encoding="UTF-8"?>
<!-- Generated by org.testng.reporters.JUnitReportReporter -->
<testsuite skipped="0" hostname="Taslim" name="home.NYPostSectionNews" tests="1" failures="0" timestamp="2021-04-15T14:32:46 EDT" time="35.183" errors="0">
  <testcase name="getSectionNews" time="35.183" classname="home.NYPostSectionNews"/>
  <system-out/>
</testsuite> <!-- home.NYPostSectionNews -->
