<?xml version="1.0" encoding="UTF-8"?>
<!-- Generated by org.testng.reporters.JUnitReportReporter -->
<testsuite skipped="0" hostname="Taslim" name="home.NYPostTestSearch" tests="1" failures="0" timestamp="2021-04-15T14:32:46 EDT" time="38.969" errors="0">
  <testcase name="search" time="38.969" classname="home.NYPostTestSearch"/>
  <system-out/>
</testsuite> <!-- home.NYPostTestSearch -->
